Le chargement a n'ecessit'e le package : xml2
Warning messages:
1: le package 'rvest' a 'et'e compil'e avec la version R 3.6.2 
2: le package 'xml2' a 'et'e compil'e avec la version R 3.6.2 
-- Attaching packages --------------------------------------- tidyverse 1.3.0 --
v ggplot2 3.3.0     v purrr   0.3.4
v tibble  3.0.1     v dplyr   1.0.0
v tidyr   1.0.2     v stringr 1.4.0
v readr   1.3.1     v forcats 0.5.0
-- Conflicts ------------------------------------------ tidyverse_conflicts() --
x dplyr::filter()         masks stats::filter()
x readr::guess_encoding() masks rvest::guess_encoding()
x dplyr::lag()            masks stats::lag()
x purrr::pluck()          masks rvest::pluck()
Warning messages:
1: le package 'tibble' a 'et'e compil'e avec la version R 3.6.2 
2: le package 'purrr' a 'et'e compil'e avec la version R 3.6.2 
3: le package 'dplyr' a 'et'e compil'e avec la version R 3.6.2 
Warning message:
le package 'skimr' a 'et'e compil'e avec la version R 3.6.2 
Erreur : 'data/listOfCompanies1.csv' does not exist in current working directory ('/Users/e5028514').
Ex'ecution arr^et'ee
Le chargement a n'ecessit'e le package : xml2
Warning messages:
1: le package 'rvest' a 'et'e compil'e avec la version R 3.6.2 
2: le package 'xml2' a 'et'e compil'e avec la version R 3.6.2 
-- Attaching packages --------------------------------------- tidyverse 1.3.0 --
v ggplot2 3.3.0     v purrr   0.3.4
v tibble  3.0.1     v dplyr   1.0.0
v tidyr   1.0.2     v stringr 1.4.0
v readr   1.3.1     v forcats 0.5.0
-- Conflicts ------------------------------------------ tidyverse_conflicts() --
x dplyr::filter()         masks stats::filter()
x readr::guess_encoding() masks rvest::guess_encoding()
x dplyr::lag()            masks stats::lag()
x purrr::pluck()          masks rvest::pluck()
Warning messages:
1: le package 'tibble' a 'et'e compil'e avec la version R 3.6.2 
2: le package 'purrr' a 'et'e compil'e avec la version R 3.6.2 
3: le package 'dplyr' a 'et'e compil'e avec la version R 3.6.2 
Warning message:
le package 'skimr' a 'et'e compil'e avec la version R 3.6.2 
Erreur : 'data/listOfCompanies.csv' does not exist in current working directory ('/Users/e5028514').
Ex'ecution arr^et'ee
Le chargement a n'ecessit'e le package : xml2
Warning messages:
1: le package 'rvest' a 'et'e compil'e avec la version R 3.6.2 
2: le package 'xml2' a 'et'e compil'e avec la version R 3.6.2 
-- Attaching packages --------------------------------------- tidyverse 1.3.0 --
v ggplot2 3.3.0     v purrr   0.3.4
v tibble  3.0.1     v dplyr   1.0.0
v tidyr   1.0.2     v stringr 1.4.0
v readr   1.3.1     v forcats 0.5.0
-- Conflicts ------------------------------------------ tidyverse_conflicts() --
x dplyr::filter()         masks stats::filter()
x readr::guess_encoding() masks rvest::guess_encoding()
x dplyr::lag()            masks stats::lag()
x purrr::pluck()          masks rvest::pluck()
Warning messages:
1: le package 'tibble' a 'et'e compil'e avec la version R 3.6.2 
2: le package 'purrr' a 'et'e compil'e avec la version R 3.6.2 
3: le package 'dplyr' a 'et'e compil'e avec la version R 3.6.2 
Warning message:
le package 'skimr' a 'et'e compil'e avec la version R 3.6.2 
Erreur : 'data/listOfCompanies.csv' does not exist in current working directory ('/Users/e5028514').
Ex'ecution arr^et'ee
